<?xml version="1.0" encoding="UTF-8"?>
<testng-results ignored="7" total="8" passed="1" failed="0" skipped="0">
  <reporter-output>
  </reporter-output>
  <suite started-at="2023-05-09T15:46:41 IST" name="Failed suite [Suite]" finished-at="2023-05-09T15:47:08 IST" duration-ms="27025">
    <groups>
    </groups>
    <test started-at="2023-05-09T15:46:41 IST" name="Test(failed)" finished-at="2023-05-09T15:47:08 IST" duration-ms="27025">
      <class name="AllTestClasses.VerifyTheApplicationFunctionality">
        <test-method is-config="true" signature="beforeClass()[pri:0, instance:AllTestClasses.VerifyTheApplicationFunctionality@5876a9af]" started-at="2023-05-09T15:46:41 IST" name="beforeClass" finished-at="2023-05-09T15:46:46 IST" duration-ms="4779" status="PASS">
          <reporter-output>
          </reporter-output>
        </test-method> <!-- beforeClass -->
        <test-method is-config="true" signature="beforeMethod()[pri:0, instance:AllTestClasses.VerifyTheApplicationFunctionality@5876a9af]" started-at="2023-05-09T15:46:46 IST" name="beforeMethod" finished-at="2023-05-09T15:46:58 IST" duration-ms="11534" status="PASS">
          <reporter-output>
          </reporter-output>
        </test-method> <!-- beforeMethod -->
        <test-method signature="verifySearchBoxWorking()[pri:8, instance:AllTestClasses.VerifyTheApplicationFunctionality@5876a9af]" started-at="2023-05-09T15:46:58 IST" name="verifySearchBoxWorking" finished-at="2023-05-09T15:47:07 IST" duration-ms="9230" status="PASS">
          <reporter-output>
          </reporter-output>
        </test-method> <!-- verifySearchBoxWorking -->
        <test-method is-config="true" signature="afterMethod()[pri:0, instance:AllTestClasses.VerifyTheApplicationFunctionality@5876a9af]" started-at="2023-05-09T15:47:07 IST" name="afterMethod" finished-at="2023-05-09T15:47:08 IST" duration-ms="1173" status="PASS">
          <reporter-output>
          </reporter-output>
        </test-method> <!-- afterMethod -->
        <test-method is-config="true" signature="afterClass()[pri:0, instance:AllTestClasses.VerifyTheApplicationFunctionality@5876a9af]" started-at="2023-05-09T15:47:08 IST" name="afterClass" finished-at="2023-05-09T15:47:08 IST" duration-ms="0" status="PASS">
          <reporter-output>
          </reporter-output>
        </test-method> <!-- afterClass -->
        <test-method is-config="true" signature="closeBrowser()[pri:0, instance:AllTestClasses.VerifyTheApplicationFunctionality@5876a9af]" started-at="2023-05-09T15:47:08 IST" name="closeBrowser" finished-at="2023-05-09T15:47:08 IST" duration-ms="271" status="PASS">
          <reporter-output>
          </reporter-output>
        </test-method> <!-- closeBrowser -->
      </class> <!-- AllTestClasses.VerifyTheApplicationFunctionality -->
    </test> <!-- Test(failed) -->
  </suite> <!-- Failed suite [Suite] -->
</testng-results>
