<?xml version="1.0" encoding="UTF-8"?>
<!-- Generated by org.testng.reporters.JUnitXMLReporter -->
<testsuite ignored="7" hostname="Lenovo" failures="0" tests="1" name="Test(failed)" time="27.025" errors="0" timestamp="2023-05-09T15:47:08 IST">
  <testcase classname="AllTestClasses.VerifyTheApplicationFunctionality" name="verifySearchBoxWorking" time="9.23"/>
  <testcase classname="AllTestClasses.VerifyTheApplicationFunctionality" name="myFirstTest" time="0.0">
    <ignored/>
  </testcase> <!-- myFirstTest -->
  <testcase classname="AllTestClasses.VerifyTheApplicationFunctionality" name="VerifyAddToCart" time="0.0">
    <ignored/>
  </testcase> <!-- VerifyAddToCart -->
  <testcase classname="AllTestClasses.VerifyTheApplicationFunctionality" name="verifyDatePickerInJewelryModule" time="0.0">
    <ignored/>
  </testcase> <!-- verifyDatePickerInJewelryModule -->
  <testcase classname="AllTestClasses.VerifyTheApplicationFunctionality" name="VerifyLoginButton" time="0.0">
    <ignored/>
  </testcase> <!-- VerifyLoginButton -->
  <testcase classname="AllTestClasses.VerifyTheApplicationFunctionality" name="VerifyTheRegistrationDetails" time="0.0">
    <ignored/>
  </testcase> <!-- VerifyTheRegistrationDetails -->
  <testcase classname="AllTestClasses.VerifyTheApplicationFunctionality" name="VerifyApplicationHomePage" time="0.0">
    <ignored/>
  </testcase> <!-- VerifyApplicationHomePage -->
  <testcase classname="AllTestClasses.VerifyTheApplicationFunctionality" name="VerifyProductRemoveInAddToCart" time="0.0">
    <ignored/>
  </testcase> <!-- VerifyProductRemoveInAddToCart -->
</testsuite> <!-- Test(failed) -->
