<?xml version="1.0" encoding="UTF-8"?>
<!-- Generated by org.testng.reporters.JUnitXMLReporter -->
<testsuite ignored="4" hostname="Lenovo" failures="0" tests="4" name="Test" time="98.591" errors="0" timestamp="2023-05-16T17:24:26 IST">
  <testcase classname="AllTestClasses.VerifyTheApplicationFunctionality" name="VerifyAddToCart" time="13.912"/>
  <testcase classname="AllTestClasses.VerifyTheApplicationFunctionality" name="VerifyProductRemoveInAddToCart" time="11.862"/>
  <testcase classname="AllTestClasses.VerifyTheApplicationFunctionality" name="verifyDatePickerInJewelryModule" time="17.278"/>
  <testcase classname="AllTestClasses.VerifyTheApplicationFunctionality" name="verifySearchBoxWorking" time="6.491"/>
  <testcase classname="AllTestClasses.VerifyTheApplicationFunctionality" name="myFirstTest" time="0.0">
    <ignored/>
  </testcase> <!-- myFirstTest -->
  <testcase classname="AllTestClasses.VerifyTheApplicationFunctionality" name="VerifyLoginButton" time="0.0">
    <ignored/>
  </testcase> <!-- VerifyLoginButton -->
  <testcase classname="AllTestClasses.VerifyTheApplicationFunctionality" name="VerifyTheRegistrationDetails" time="0.0">
    <ignored/>
  </testcase> <!-- VerifyTheRegistrationDetails -->
  <testcase classname="AllTestClasses.VerifyTheApplicationFunctionality" name="VerifyApplicationHomePage" time="0.0">
    <ignored/>
  </testcase> <!-- VerifyApplicationHomePage -->
</testsuite> <!-- Test -->
